{"numFailedTestSuites":1,"numFailedTests":1,"numPassedTestSuites":1,"numPassedTests":8,"numPendingTestSuites":0,"numPendingTests":0,"numRuntimeErrorTestSuites":0,"numTodoTests":0,"numTotalTestSuites":2,"numTotalTests":9,"openHandles":[],"snapshot":{"added":0,"didUpdate":false,"failure":false,"filesAdded":0,"filesRemoved":0,"filesRemovedList":[],"filesUnmatched":0,"filesUpdated":0,"matched":0,"total":0,"unchecked":0,"uncheckedKeysByFile":[],"unmatched":0,"updated":0},"startTime":1772948990084,"success":false,"testResults":[{"assertionResults":[{"ancestorTitles":["Theme Context and Toggle Integration"],"duration":122,"failureDetails":[],"failureMessages":[],"fullName":"Theme Context and Toggle Integration initializes with default light theme when no system preference or saved preference","invocations":1,"location":null,"numPassingAsserts":2,"retryReasons":[],"status":"passed","title":"initializes with default light theme when no system preference or saved preference"},{"ancestorTitles":["Theme Context and Toggle Integration"],"duration":36,"failureDetails":[],"failureMessages":[],"fullName":"Theme Context and Toggle Integration changes theme when clicking the different theme toggle buttons","invocations":1,"location":null,"numPassingAsserts":4,"retryReasons":[],"status":"passed","title":"changes theme when clicking the different theme toggle buttons"},{"ancestorTitles":["Theme Context and Toggle Integration"],"duration":13,"failureDetails":[],"failureMessages":[],"fullName":"Theme Context and Toggle Integration toggles theme cyclically using CompactThemeToggle","invocations":1,"location":null,"numPassingAsserts":6,"retryReasons":[],"status":"passed","title":"toggles theme cyclically using CompactThemeToggle"},{"ancestorTitles":["Theme Context and Toggle Integration"],"duration":9,"failureDetails":[],"failureMessages":[],"fullName":"Theme Context and Toggle Integration reacts to keyboard shortcut Ctrl+Shift+T to cycle theme","invocations":1,"location":null,"numPassingAsserts":4,"retryReasons":[],"status":"passed","title":"reacts to keyboard shortcut Ctrl+Shift+T to cycle theme"}],"endTime":1772948994941,"message":"","name":"C:\\Users\\chiru\\OneDrive\\Documents\\GitHub\\frontend\\src\\webview\\__tests__\\ThemeIntegration.int.test.tsx","startTime":1772948991955,"status":"passed","summary":""},{"assertionResults":[{"ancestorTitles":["SearchBar Integration with useSearch"],"duration":69,"failureDetails":[],"failureMessages":[],"fullName":"SearchBar Integration with useSearch renders the search bar when isOpen is true","invocations":1,"location":null,"numPassingAsserts":1,"retryReasons":[],"status":"passed","title":"renders the search bar when isOpen is true"},{"ancestorTitles":["SearchBar Integration with useSearch"],"duration":6,"failureDetails":[],"failureMessages":[],"fullName":"SearchBar Integration with useSearch does not render when isOpen is false","invocations":1,"location":null,"numPassingAsserts":1,"retryReasons":[],"status":"passed","title":"does not render when isOpen is false"},{"ancestorTitles":["SearchBar Integration with useSearch"],"duration":32,"failureDetails":[],"failureMessages":[],"fullName":"SearchBar Integration with useSearch filters results correctly based on debounced search query","invocations":1,"location":null,"numPassingAsserts":4,"retryReasons":[],"status":"passed","title":"filters results correctly based on debounced search query"},{"ancestorTitles":["SearchBar Integration with useSearch"],"duration":17,"failureDetails":[],"failureMessages":[],"fullName":"SearchBar Integration with useSearch allows clearing the query using the clear button","invocations":1,"location":null,"numPassingAsserts":3,"retryReasons":[],"status":"passed","title":"allows clearing the query using the clear button"},{"ancestorTitles":["SearchBar Integration with useSearch"],"duration":19,"failureDetails":[{"message":"\u001b[2mexpect(\u001b[22m\u001b[31mreceived\u001b[39m\u001b[2m).toBeInTheDocument()\u001b[22m\n\n\u001b[31mreceived\u001b[39m value must be an HTMLElement or an SVGElement.\nReceived has value: \u001b[31mnull\u001b[39m\n\nIgnored nodes: comments, script, style\n\u001b[36m<html>\u001b[39m\n  \u001b[36m<head />\u001b[39m\n  \u001b[36m<body>\u001b[39m\n    \u001b[36m<div>\u001b[39m\n      \u001b[36m<div>\u001b[39m\n        \u001b[36m<div\u001b[39m\n          \u001b[33mdata-testid\u001b[39m=\u001b[32m\"navigated-to\"\u001b[39m\n        \u001b[36m/>\u001b[39m\n        \u001b[36m<div\u001b[39m\n          \u001b[33mclass\u001b[39m=\u001b[32m\"search-bar-container\"\u001b[39m\n        \u001b[36m>\u001b[39m\n          \u001b[36m<div\u001b[39m\n            \u001b[33mclass\u001b[39m=\u001b[32m\"search-bar-header\"\u001b[39m\n          \u001b[36m>\u001b[39m\n            \u001b[36m<div\u001b[39m\n              \u001b[33mclass\u001b[39m=\u001b[32m\"search-input-wrapper\"\u001b[39m\n            \u001b[36m>\u001b[39m\n              \u001b[36m<span\u001b[39m\n                \u001b[33mclass\u001b[39m=\u001b[32m\"search-icon\"\u001b[39m\n              \u001b[36m>\u001b[39m\n                \u001b[0m🔍\u001b[0m\n              \u001b[36m</span>\u001b[39m\n              \u001b[36m<input\u001b[39m\n                \u001b[33mautocomplete\u001b[39m=\u001b[32m\"off\"\u001b[39m\n                \u001b[33mclass\u001b[39m=\u001b[32m\"search-bar-input\"\u001b[39m\n                \u001b[33mplaceholder\u001b[39m=\u001b[32m\"Search nodes... (/ or Ctrl+F)\"\u001b[39m\n                \u001b[33mtype\u001b[39m=\u001b[32m\"text\"\u001b[39m\n                \u001b[33mvalue\u001b[39m=\u001b[32m\"ts\"\u001b[39m\n              \u001b[36m/>\u001b[39m\n              \u001b[36m<button\u001b[39m\n                \u001b[33mclass\u001b[39m=\u001b[32m\"search-clear-btn\"\u001b[39m\n                \u001b[33mtitle\u001b[39m=\u001b[32m\"Clear search\"\u001b[39m\n              \u001b[36m>\u001b[39m\n                \u001b[0m✕\u001b[0m\n              \u001b[36m</button>\u001b[39m\n            \u001b[36m</div>\u001b[39m\n            \u001b[36m<div\u001b[39m\n              \u001b[33mclass\u001b[39m=\u001b[32m\"search-bar-stats\"\u001b[39m\n            \u001b[36m>\u001b[39m\n              \u001b[36m<span\u001b[39m\n                \u001b[33mclass\u001b[39m=\u001b[32m\"result-count\"\u001b[39m\n              \u001b[36m>\u001b[39m\n                \u001b[0m0\u001b[0m\n                \u001b[0m result\u001b[0m\n                \u001b[0ms\u001b[0m\n              \u001b[36m</span>\u001b[39m\n            \u001b[36m</div>\u001b[39m\n          \u001b[36m</div>\u001b[39m\n          \u001b[36m<div\u001b[39m\n            \u001b[33mclass\u001b[39m=\u001b[32m\"search-no-results\"\u001b[39m\n          \u001b[36m>\u001b[39m\n            \u001b[36m<span\u001b[39m\n              \u001b[33mclass\u001b[39m=\u001b[32m\"no-results-icon\"\u001b[39m\n            \u001b[36m>\u001b[39m\n              \u001b[0m🔍\u001b[0m\n            \u001b[36m</span>\u001b[39m\n            \u001b[36m<span\u001b[39m\n              \u001b[33mclass\u001b[39m=\u001b[32m\"no-results-text\"\u001b[39m\n            \u001b[36m>\u001b[39m\n              \u001b[0mNo results found for \"\u001b[0m\n              \u001b[0mts\u001b[0m\n              \u001b[0m\"\u001b[0m\n            \u001b[36m</span>\u001b[39m\n          \u001b[36m</div>\u001b[39m\n          \u001b[36m<div\u001b[39m\n            \u001b[33mclass\u001b[39m=\u001b[32m\"search-bar-hints\"\u001b[39m\n          \u001b[36m>\u001b[39m\n            \u001b[36m<span\u001b[39m\n              \u001b[33mclass\u001b[39m=\u001b[32m\"hint\"\u001b[39m\n            \u001b[36m>\u001b[39m\n              \u001b[36m<kbd>\u001b[39m\n                \u001b[0m↑\u001b[0m\n              \u001b[36m</kbd>\u001b[39m\n              \u001b[36m<kbd>\u001b[39m\n                \u001b[0m↓\u001b[0m\n              \u001b[36m</kbd>\u001b[39m\n              \u001b[0m Navigate\u001b[0m\n            \u001b[36m</span>\u001b[39m\n            \u001b[36m<span\u001b[39m\n              \u001b[33mclass\u001b[39m=\u001b[32m\"hint\"\u001b[39m\n            \u001b[36m>\u001b[39m\n              \u001b[36m<kbd>\u001b[39m\n                \u001b[0mEnter\u001b[0m\n              \u001b[36m</kbd>\u001b[39m\n              \u001b[0m Open\u001b[0m\n            \u001b[36m</span>\u001b[39m\n            \u001b[36m<span\u001b[39m\n              \u001b[33mclass\u001b[39m=\u001b[32m\"hint\"\u001b[39m\n            \u001b[36m>\u001b[39m\n              \u001b[36m<kbd>\u001b[39m\n                \u001b[0mEsc\u001b[0m\n              \u001b[36m</kbd>\u001b[39m\n              \u001b[0m Close\u001b[0m\n            \u001b[36m</span>\u001b[39m\n          \u001b[36m</div>\u001b[39m\n        \u001b[36m</div>\u001b[39m\n      \u001b[36m</div>\u001b[39m\n    \u001b[36m</div>\u001b[39m\n  \u001b[36m</body>\u001b[39m\n\u001b[36m</html>\u001b[39m"}],"failureMessages":["Error: \u001b[2mexpect(\u001b[22m\u001b[31mreceived\u001b[39m\u001b[2m).toBeInTheDocument()\u001b[22m\n\n\u001b[31mreceived\u001b[39m value must be an HTMLElement or an SVGElement.\nReceived has value: \u001b[31mnull\u001b[39m\n\nIgnored nodes: comments, script, style\n\u001b[36m<html>\u001b[39m\n  \u001b[36m<head />\u001b[39m\n  \u001b[36m<body>\u001b[39m\n    \u001b[36m<div>\u001b[39m\n      \u001b[36m<div>\u001b[39m\n        \u001b[36m<div\u001b[39m\n          \u001b[33mdata-testid\u001b[39m=\u001b[32m\"navigated-to\"\u001b[39m\n        \u001b[36m/>\u001b[39m\n        \u001b[36m<div\u001b[39m\n          \u001b[33mclass\u001b[39m=\u001b[32m\"search-bar-container\"\u001b[39m\n        \u001b[36m>\u001b[39m\n          \u001b[36m<div\u001b[39m\n            \u001b[33mclass\u001b[39m=\u001b[32m\"search-bar-header\"\u001b[39m\n          \u001b[36m>\u001b[39m\n            \u001b[36m<div\u001b[39m\n              \u001b[33mclass\u001b[39m=\u001b[32m\"search-input-wrapper\"\u001b[39m\n            \u001b[36m>\u001b[39m\n              \u001b[36m<span\u001b[39m\n                \u001b[33mclass\u001b[39m=\u001b[32m\"search-icon\"\u001b[39m\n              \u001b[36m>\u001b[39m\n                \u001b[0m🔍\u001b[0m\n              \u001b[36m</span>\u001b[39m\n              \u001b[36m<input\u001b[39m\n                \u001b[33mautocomplete\u001b[39m=\u001b[32m\"off\"\u001b[39m\n                \u001b[33mclass\u001b[39m=\u001b[32m\"search-bar-input\"\u001b[39m\n                \u001b[33mplaceholder\u001b[39m=\u001b[32m\"Search nodes... (/ or Ctrl+F)\"\u001b[39m\n                \u001b[33mtype\u001b[39m=\u001b[32m\"text\"\u001b[39m\n                \u001b[33mvalue\u001b[39m=\u001b[32m\"ts\"\u001b[39m\n              \u001b[36m/>\u001b[39m\n              \u001b[36m<button\u001b[39m\n                \u001b[33mclass\u001b[39m=\u001b[32m\"search-clear-btn\"\u001b[39m\n                \u001b[33mtitle\u001b[39m=\u001b[32m\"Clear search\"\u001b[39m\n              \u001b[36m>\u001b[39m\n                \u001b[0m✕\u001b[0m\n              \u001b[36m</button>\u001b[39m\n            \u001b[36m</div>\u001b[39m\n            \u001b[36m<div\u001b[39m\n              \u001b[33mclass\u001b[39m=\u001b[32m\"search-bar-stats\"\u001b[39m\n            \u001b[36m>\u001b[39m\n              \u001b[36m<span\u001b[39m\n                \u001b[33mclass\u001b[39m=\u001b[32m\"result-count\"\u001b[39m\n              \u001b[36m>\u001b[39m\n                \u001b[0m0\u001b[0m\n                \u001b[0m result\u001b[0m\n                \u001b[0ms\u001b[0m\n              \u001b[36m</span>\u001b[39m\n            \u001b[36m</div>\u001b[39m\n          \u001b[36m</div>\u001b[39m\n          \u001b[36m<div\u001b[39m\n            \u001b[33mclass\u001b[39m=\u001b[32m\"search-no-results\"\u001b[39m\n          \u001b[36m>\u001b[39m\n            \u001b[36m<span\u001b[39m\n              \u001b[33mclass\u001b[39m=\u001b[32m\"no-results-icon\"\u001b[39m\n            \u001b[36m>\u001b[39m\n              \u001b[0m🔍\u001b[0m\n            \u001b[36m</span>\u001b[39m\n            \u001b[36m<span\u001b[39m\n              \u001b[33mclass\u001b[39m=\u001b[32m\"no-results-text\"\u001b[39m\n            \u001b[36m>\u001b[39m\n              \u001b[0mNo results found for \"\u001b[0m\n              \u001b[0mts\u001b[0m\n              \u001b[0m\"\u001b[0m\n            \u001b[36m</span>\u001b[39m\n          \u001b[36m</div>\u001b[39m\n          \u001b[36m<div\u001b[39m\n            \u001b[33mclass\u001b[39m=\u001b[32m\"search-bar-hints\"\u001b[39m\n          \u001b[36m>\u001b[39m\n            \u001b[36m<span\u001b[39m\n              \u001b[33mclass\u001b[39m=\u001b[32m\"hint\"\u001b[39m\n            \u001b[36m>\u001b[39m\n              \u001b[36m<kbd>\u001b[39m\n                \u001b[0m↑\u001b[0m\n              \u001b[36m</kbd>\u001b[39m\n              \u001b[36m<kbd>\u001b[39m\n                \u001b[0m↓\u001b[0m\n              \u001b[36m</kbd>\u001b[39m\n              \u001b[0m Navigate\u001b[0m\n            \u001b[36m</span>\u001b[39m\n            \u001b[36m<span\u001b[39m\n              \u001b[33mclass\u001b[39m=\u001b[32m\"hint\"\u001b[39m\n            \u001b[36m>\u001b[39m\n              \u001b[36m<kbd>\u001b[39m\n                \u001b[0mEnter\u001b[0m\n              \u001b[36m</kbd>\u001b[39m\n              \u001b[0m Open\u001b[0m\n            \u001b[36m</span>\u001b[39m\n            \u001b[36m<span\u001b[39m\n              \u001b[33mclass\u001b[39m=\u001b[32m\"hint\"\u001b[39m\n            \u001b[36m>\u001b[39m\n              \u001b[36m<kbd>\u001b[39m\n                \u001b[0mEsc\u001b[0m\n              \u001b[36m</kbd>\u001b[39m\n              \u001b[0m Close\u001b[0m\n            \u001b[36m</span>\u001b[39m\n          \u001b[36m</div>\u001b[39m\n        \u001b[36m</div>\u001b[39m\n      \u001b[36m</div>\u001b[39m\n    \u001b[36m</div>\u001b[39m\n  \u001b[36m</body>\u001b[39m\n\u001b[36m</html>\u001b[39m\n    at __EXTERNAL_MATCHER_TRAP__ (C:\\Users\\chiru\\OneDrive\\Documents\\GitHub\\frontend\\node_modules\\@jest\\expect\\node_modules\\expect\\build\\index.js:325:30)\n    at Object.throwingMatcher [as toBeInTheDocument] (C:\\Users\\chiru\\OneDrive\\Documents\\GitHub\\frontend\\node_modules\\@jest\\expect\\node_modules\\expect\\build\\index.js:326:15)\n    at C:\\Users\\chiru\\OneDrive\\Documents\\GitHub\\frontend\\src\\webview\\__tests__\\SearchBar.int.test.tsx:129:74\n    at runWithExpensiveErrorDiagnosticsDisabled (C:\\Users\\chiru\\OneDrive\\Documents\\GitHub\\frontend\\node_modules\\@testing-library\\dom\\dist\\config.js:47:12)\n    at checkCallback (C:\\Users\\chiru\\OneDrive\\Documents\\GitHub\\frontend\\node_modules\\@testing-library\\dom\\dist\\wait-for.js:124:77)\n    at C:\\Users\\chiru\\OneDrive\\Documents\\GitHub\\frontend\\node_modules\\@testing-library\\dom\\dist\\wait-for.js:82:9"],"fullName":"SearchBar Integration with useSearch supports mouse interactions for selecting and navigating to results","invocations":1,"location":null,"numPassingAsserts":0,"retryReasons":[],"status":"failed","title":"supports mouse interactions for selecting and navigating to results"}],"endTime":1772948994967,"message":"\u001b[1m\u001b[31m  \u001b[1m● \u001b[22m\u001b[1mSearchBar Integration with useSearch › supports mouse interactions for selecting and navigating to results\u001b[39m\u001b[22m\n\n    \u001b[2mexpect(\u001b[22m\u001b[31mreceived\u001b[39m\u001b[2m).toBeInTheDocument()\u001b[22m\n\n    \u001b[31mreceived\u001b[39m value must be an HTMLElement or an SVGElement.\n    Received has value: \u001b[31mnull\u001b[39m\n\n    Ignored nodes: comments, script, style\n    \u001b[36m<html>\u001b[39m\n      \u001b[36m<head />\u001b[39m\n      \u001b[36m<body>\u001b[39m\n        \u001b[36m<div>\u001b[39m\n          \u001b[36m<div>\u001b[39m\n            \u001b[36m<div\u001b[39m\n              \u001b[33mdata-testid\u001b[39m=\u001b[32m\"navigated-to\"\u001b[39m\n            \u001b[36m/>\u001b[39m\n            \u001b[36m<div\u001b[39m\n              \u001b[33mclass\u001b[39m=\u001b[32m\"search-bar-container\"\u001b[39m\n            \u001b[36m>\u001b[39m\n              \u001b[36m<div\u001b[39m\n                \u001b[33mclass\u001b[39m=\u001b[32m\"search-bar-header\"\u001b[39m\n              \u001b[36m>\u001b[39m\n                \u001b[36m<div\u001b[39m\n                  \u001b[33mclass\u001b[39m=\u001b[32m\"search-input-wrapper\"\u001b[39m\n                \u001b[36m>\u001b[39m\n                  \u001b[36m<span\u001b[39m\n                    \u001b[33mclass\u001b[39m=\u001b[32m\"search-icon\"\u001b[39m\n                  \u001b[36m>\u001b[39m\n                    \u001b[0m🔍\u001b[0m\n                  \u001b[36m</span>\u001b[39m\n                  \u001b[36m<input\u001b[39m\n                    \u001b[33mautocomplete\u001b[39m=\u001b[32m\"off\"\u001b[39m\n                    \u001b[33mclass\u001b[39m=\u001b[32m\"search-bar-input\"\u001b[39m\n                    \u001b[33mplaceholder\u001b[39m=\u001b[32m\"Search nodes... (/ or Ctrl+F)\"\u001b[39m\n                    \u001b[33mtype\u001b[39m=\u001b[32m\"text\"\u001b[39m\n                    \u001b[33mvalue\u001b[39m=\u001b[32m\"ts\"\u001b[39m\n                  \u001b[36m/>\u001b[39m\n                  \u001b[36m<button\u001b[39m\n                    \u001b[33mclass\u001b[39m=\u001b[32m\"search-clear-btn\"\u001b[39m\n                    \u001b[33mtitle\u001b[39m=\u001b[32m\"Clear search\"\u001b[39m\n                  \u001b[36m>\u001b[39m\n                    \u001b[0m✕\u001b[0m\n                  \u001b[36m</button>\u001b[39m\n                \u001b[36m</div>\u001b[39m\n                \u001b[36m<div\u001b[39m\n                  \u001b[33mclass\u001b[39m=\u001b[32m\"search-bar-stats\"\u001b[39m\n                \u001b[36m>\u001b[39m\n                  \u001b[36m<span\u001b[39m\n                    \u001b[33mclass\u001b[39m=\u001b[32m\"result-count\"\u001b[39m\n                  \u001b[36m>\u001b[39m\n                    \u001b[0m0\u001b[0m\n                    \u001b[0m result\u001b[0m\n                    \u001b[0ms\u001b[0m\n                  \u001b[36m</span>\u001b[39m\n                \u001b[36m</div>\u001b[39m\n              \u001b[36m</div>\u001b[39m\n              \u001b[36m<div\u001b[39m\n                \u001b[33mclass\u001b[39m=\u001b[32m\"search-no-results\"\u001b[39m\n              \u001b[36m>\u001b[39m\n                \u001b[36m<span\u001b[39m\n                  \u001b[33mclass\u001b[39m=\u001b[32m\"no-results-icon\"\u001b[39m\n                \u001b[36m>\u001b[39m\n                  \u001b[0m🔍\u001b[0m\n                \u001b[36m</span>\u001b[39m\n                \u001b[36m<span\u001b[39m\n                  \u001b[33mclass\u001b[39m=\u001b[32m\"no-results-text\"\u001b[39m\n                \u001b[36m>\u001b[39m\n                  \u001b[0mNo results found for \"\u001b[0m\n                  \u001b[0mts\u001b[0m\n                  \u001b[0m\"\u001b[0m\n                \u001b[36m</span>\u001b[39m\n              \u001b[36m</div>\u001b[39m\n              \u001b[36m<div\u001b[39m\n                \u001b[33mclass\u001b[39m=\u001b[32m\"search-bar-hints\"\u001b[39m\n              \u001b[36m>\u001b[39m\n                \u001b[36m<span\u001b[39m\n                  \u001b[33mclass\u001b[39m=\u001b[32m\"hint\"\u001b[39m\n                \u001b[36m>\u001b[39m\n                  \u001b[36m<kbd>\u001b[39m\n                    \u001b[0m↑\u001b[0m\n                  \u001b[36m</kbd>\u001b[39m\n                  \u001b[36m<kbd>\u001b[39m\n                    \u001b[0m↓\u001b[0m\n                  \u001b[36m</kbd>\u001b[39m\n                  \u001b[0m Navigate\u001b[0m\n                \u001b[36m</span>\u001b[39m\n                \u001b[36m<span\u001b[39m\n                  \u001b[33mclass\u001b[39m=\u001b[32m\"hint\"\u001b[39m\n                \u001b[36m>\u001b[39m\n                  \u001b[36m<kbd>\u001b[39m\n                    \u001b[0mEnter\u001b[0m\n                  \u001b[36m</kbd>\u001b[39m\n                  \u001b[0m Open\u001b[0m\n                \u001b[36m</span>\u001b[39m\n                \u001b[36m<span\u001b[39m\n                  \u001b[33mclass\u001b[39m=\u001b[32m\"hint\"\u001b[39m\n                \u001b[36m>\u001b[39m\n                  \u001b[36m<kbd>\u001b[39m\n                    \u001b[0mEsc\u001b[0m\n                  \u001b[36m</kbd>\u001b[39m\n                  \u001b[0m Close\u001b[0m\n                \u001b[36m</span>\u001b[39m\n              \u001b[36m</div>\u001b[39m\n            \u001b[36m</div>\u001b[39m\n          \u001b[36m</div>\u001b[39m\n        \u001b[36m</div>\u001b[39m\n      \u001b[36m</body>\u001b[39m\n    \u001b[36m</html>\u001b[39m\n\u001b[2m\u001b[22m\n\u001b[2m    \u001b[0m \u001b[90m 127 |\u001b[39m         \u001b[90m// Wait until search results container is present\u001b[39m\u001b[22m\n\u001b[2m     \u001b[90m 128 |\u001b[39m         \u001b[36mawait\u001b[39m waitFor(() \u001b[33m=>\u001b[39m {\u001b[22m\n\u001b[2m    \u001b[31m\u001b[1m>\u001b[22m\u001b[2m\u001b[39m\u001b[90m 129 |\u001b[39m             expect(container\u001b[33m.\u001b[39mquerySelector(\u001b[32m'.search-results-container'\u001b[39m))\u001b[33m.\u001b[39mtoBeInTheDocument()\u001b[33m;\u001b[39m\u001b[22m\n\u001b[2m     \u001b[90m     |\u001b[39m                                                                          \u001b[31m\u001b[1m^\u001b[22m\u001b[2m\u001b[39m\u001b[22m\n\u001b[2m     \u001b[90m 130 |\u001b[39m             expect(container\u001b[33m.\u001b[39mquerySelectorAll(\u001b[32m'.search-result-item'\u001b[39m)\u001b[33m.\u001b[39mlength)\u001b[33m.\u001b[39mtoBeGreaterThan(\u001b[35m0\u001b[39m)\u001b[33m;\u001b[39m\u001b[22m\n\u001b[2m     \u001b[90m 131 |\u001b[39m         })\u001b[33m;\u001b[39m\u001b[22m\n\u001b[2m     \u001b[90m 132 |\u001b[39m         \u001b[0m\u001b[22m\n\u001b[2m\u001b[22m\n\u001b[2m      \u001b[2mat __EXTERNAL_MATCHER_TRAP__ (\u001b[22m\u001b[2mnode_modules/@jest/expect/node_modules/expect/build/index.js\u001b[2m:325:30)\u001b[22m\u001b[2m\u001b[22m\n\u001b[2m      \u001b[2mat Object.throwingMatcher [as toBeInTheDocument] (\u001b[22m\u001b[2mnode_modules/@jest/expect/node_modules/expect/build/index.js\u001b[2m:326:15)\u001b[22m\u001b[2m\u001b[22m\n\u001b[2m      \u001b[2mat \u001b[22m\u001b[2m\u001b[0m\u001b[36msrc/webview/__tests__/SearchBar.int.test.tsx\u001b[39m\u001b[0m\u001b[2m:129:74\u001b[22m\u001b[2m\u001b[22m\n\u001b[2m      \u001b[2mat runWithExpensiveErrorDiagnosticsDisabled (\u001b[22m\u001b[2mnode_modules/@testing-library/dom/dist/config.js\u001b[2m:47:12)\u001b[22m\u001b[2m\u001b[22m\n\u001b[2m      \u001b[2mat checkCallback (\u001b[22m\u001b[2mnode_modules/@testing-library/dom/dist/wait-for.js\u001b[2m:124:77)\u001b[22m\u001b[2m\u001b[22m\n\u001b[2m      \u001b[2mat \u001b[22m\u001b[2mnode_modules/@testing-library/dom/dist/wait-for.js\u001b[2m:82:9\u001b[22m\u001b[2m\u001b[22m\n","name":"C:\\Users\\chiru\\OneDrive\\Documents\\GitHub\\frontend\\src\\webview\\__tests__\\SearchBar.int.test.tsx","startTime":1772948991983,"status":"failed","summary":""}],"wasInterrupted":false}
